<?xml version="1.0" encoding="UTF-8"?>
<!-- Generated by org.testng.reporters.JUnitXMLReporter -->
<testsuite hostname="DDC2-D-6PCR9B2" ignored="0" name="Default test" tests="5" failures="0" timestamp="2020-01-06T10:44:12 IST" time="52.934" errors="0">
  <testcase name="@BeforeTest beforelogin" time="52.817" classname="TestNG.TestmeApp">
    <failure type="java.lang.NullPointerException">
      <![CDATA[java.lang.NullPointerException
at TestNG.TestmeApp.beforelogin(TestmeApp.java:34)
at sun.reflect.NativeMethodAccessorImpl.invoke0(Native Method)
at sun.reflect.NativeMethodAccessorImpl.invoke(NativeMethodAccessorImpl.java:62)
at sun.reflect.DelegatingMethodAccessorImpl.invoke(DelegatingMethodAccessorImpl.java:43)
at java.lang.reflect.Method.invoke(Method.java:498)
at org.testng.internal.MethodInvocationHelper.invokeMethod(MethodInvocationHelper.java:133)
at org.testng.internal.MethodInvocationHelper.invokeMethodConsideringTimeout(MethodInvocationHelper.java:62)
at org.testng.internal.ConfigInvoker.invokeConfigurationMethod(ConfigInvoker.java:340)
at org.testng.internal.ConfigInvoker.invokeConfigurations(ConfigInvoker.java:294)
at org.testng.TestRunner.invokeTestConfigurations(TestRunner.java:623)
at org.testng.TestRunner.beforeRun(TestRunner.java:613)
at org.testng.TestRunner.run(TestRunner.java:584)
at org.testng.SuiteRunner.runTest(SuiteRunner.java:402)
at org.testng.SuiteRunner.runSequentially(SuiteRunner.java:396)
at org.testng.SuiteRunner.privateRun(SuiteRunner.java:355)
at org.testng.SuiteRunner.run(SuiteRunner.java:304)
at org.testng.SuiteRunnerWorker.runSuite(SuiteRunnerWorker.java:53)
at org.testng.SuiteRunnerWorker.run(SuiteRunnerWorker.java:96)
at org.testng.TestNG.runSuitesSequentially(TestNG.java:1180)
at org.testng.TestNG.runSuitesLocally(TestNG.java:1102)
at org.testng.TestNG.runSuites(TestNG.java:1032)
at org.testng.TestNG.run(TestNG.java:1000)
at org.testng.remote.AbstractRemoteTestNG.run(AbstractRemoteTestNG.java:115)
at org.testng.remote.RemoteTestNG.initAndRun(RemoteTestNG.java:251)
at org.testng.remote.RemoteTestNG.main(RemoteTestNG.java:77)
]]>
    </failure>
  </testcase> <!-- @BeforeTest beforelogin -->
  <testcase name="SignUp" time="0.0" classname="TestNG.TestmeApp">
    <skipped/>
  </testcase> <!-- SignUp -->
  <testcase name="LogIn" time="0.0" classname="TestNG.TestmeApp">
    <skipped/>
  </testcase> <!-- LogIn -->
  <testcase name="AddCategory" time="0.0" classname="TestNG.TestmeApp">
    <skipped/>
  </testcase> <!-- AddCategory -->
  <testcase name="AddSubCategory" time="0.0" classname="TestNG.TestmeApp">
    <skipped/>
  </testcase> <!-- AddSubCategory -->
  <testcase name="AddProduct" time="0.0" classname="TestNG.TestmeApp">
    <skipped/>
  </testcase> <!-- AddProduct -->
</testsuite> <!-- Default test -->
